<?xml version="1.0" encoding="UTF-8"?>
<!-- Generated by org.testng.reporters.JUnitReportReporter -->
<testsuite skipped="0" hostname="NWCFOOD-GP" name="MainTest_Design.GasMilageCalculation" tests="1" failures="0" timestamp="18 Dec 2018 18:05:12 GMT" time="28.660" errors="0">
  <testcase name="calculateGasMilageUsingPOM" time="28.660" classname="MainTest_Design.GasMilageCalculation"/>
</testsuite> <!-- MainTest_Design.GasMilageCalculation -->
